Determining if the Q_WS_WIN exist failed with the following output:
Change Dir: /home/matejko/workspace/DEMO/robot_demo/cmake-build-debug/CMakeFiles/CMakeTmp

Run Build Command:"/usr/bin/make" "cmTC_db610/fast"
/usr/bin/make -f CMakeFiles/cmTC_db610.dir/build.make CMakeFiles/cmTC_db610.dir/build
make[1]: Entering directory `/home/matejko/workspace/DEMO/robot_demo/cmake-build-debug/CMakeFiles/CMakeTmp'
Building CXX object CMakeFiles/cmTC_db610.dir/CheckSymbolExists.cxx.o
/usr/bin/c++    -I/usr/include/qt4   -o CMakeFiles/cmTC_db610.dir/CheckSymbolExists.cxx.o -c /home/matejko/workspace/DEMO/robot_demo/cmake-build-debug/CMakeFiles/CMakeTmp/CheckSymbolExists.cxx
/home/matejko/workspace/DEMO/robot_demo/cmake-build-debug/CMakeFiles/CMakeTmp/CheckSymbolExists.cxx: In function ‘int main(int, char**)’:
/home/matejko/workspace/DEMO/robot_demo/cmake-build-debug/CMakeFiles/CMakeTmp/CheckSymbolExists.cxx:8:19: error: ‘Q_WS_WIN’ was not declared in this scope
   return ((int*)(&Q_WS_WIN))[argc];
                   ^
make[1]: *** [CMakeFiles/cmTC_db610.dir/CheckSymbolExists.cxx.o] Error 1
make[1]: Leaving directory `/home/matejko/workspace/DEMO/robot_demo/cmake-build-debug/CMakeFiles/CMakeTmp'
make: *** [cmTC_db610/fast] Error 2

File /home/matejko/workspace/DEMO/robot_demo/cmake-build-debug/CMakeFiles/CMakeTmp/CheckSymbolExists.cxx:
/* */
#include <QtCore/qglobal.h>

int main(int argc, char** argv)
{
  (void)argv;
#ifndef Q_WS_WIN
  return ((int*)(&Q_WS_WIN))[argc];
#else
  (void)argc;
  return 0;
#endif
}

Determining if the Q_WS_QWS exist failed with the following output:
Change Dir: /home/matejko/workspace/DEMO/robot_demo/cmake-build-debug/CMakeFiles/CMakeTmp

Run Build Command:"/usr/bin/make" "cmTC_c1df9/fast"
/usr/bin/make -f CMakeFiles/cmTC_c1df9.dir/build.make CMakeFiles/cmTC_c1df9.dir/build
make[1]: Entering directory `/home/matejko/workspace/DEMO/robot_demo/cmake-build-debug/CMakeFiles/CMakeTmp'
Building CXX object CMakeFiles/cmTC_c1df9.dir/CheckSymbolExists.cxx.o
/usr/bin/c++    -I/usr/include/qt4   -o CMakeFiles/cmTC_c1df9.dir/CheckSymbolExists.cxx.o -c /home/matejko/workspace/DEMO/robot_demo/cmake-build-debug/CMakeFiles/CMakeTmp/CheckSymbolExists.cxx
/home/matejko/workspace/DEMO/robot_demo/cmake-build-debug/CMakeFiles/CMakeTmp/CheckSymbolExists.cxx: In function ‘int main(int, char**)’:
/home/matejko/workspace/DEMO/robot_demo/cmake-build-debug/CMakeFiles/CMakeTmp/CheckSymbolExists.cxx:8:19: error: ‘Q_WS_QWS’ was not declared in this scope
   return ((int*)(&Q_WS_QWS))[argc];
                   ^
make[1]: *** [CMakeFiles/cmTC_c1df9.dir/CheckSymbolExists.cxx.o] Error 1
make[1]: Leaving directory `/home/matejko/workspace/DEMO/robot_demo/cmake-build-debug/CMakeFiles/CMakeTmp'
make: *** [cmTC_c1df9/fast] Error 2

File /home/matejko/workspace/DEMO/robot_demo/cmake-build-debug/CMakeFiles/CMakeTmp/CheckSymbolExists.cxx:
/* */
#include <QtCore/qglobal.h>

int main(int argc, char** argv)
{
  (void)argv;
#ifndef Q_WS_QWS
  return ((int*)(&Q_WS_QWS))[argc];
#else
  (void)argc;
  return 0;
#endif
}

Determining if the Q_WS_MAC exist failed with the following output:
Change Dir: /home/matejko/workspace/DEMO/robot_demo/cmake-build-debug/CMakeFiles/CMakeTmp

Run Build Command:"/usr/bin/make" "cmTC_23c3b/fast"
/usr/bin/make -f CMakeFiles/cmTC_23c3b.dir/build.make CMakeFiles/cmTC_23c3b.dir/build
make[1]: Entering directory `/home/matejko/workspace/DEMO/robot_demo/cmake-build-debug/CMakeFiles/CMakeTmp'
Building CXX object CMakeFiles/cmTC_23c3b.dir/CheckSymbolExists.cxx.o
/usr/bin/c++    -I/usr/include/qt4   -o CMakeFiles/cmTC_23c3b.dir/CheckSymbolExists.cxx.o -c /home/matejko/workspace/DEMO/robot_demo/cmake-build-debug/CMakeFiles/CMakeTmp/CheckSymbolExists.cxx
/home/matejko/workspace/DEMO/robot_demo/cmake-build-debug/CMakeFiles/CMakeTmp/CheckSymbolExists.cxx: In function ‘int main(int, char**)’:
/home/matejko/workspace/DEMO/robot_demo/cmake-build-debug/CMakeFiles/CMakeTmp/CheckSymbolExists.cxx:8:19: error: ‘Q_WS_MAC’ was not declared in this scope
   return ((int*)(&Q_WS_MAC))[argc];
                   ^
make[1]: *** [CMakeFiles/cmTC_23c3b.dir/CheckSymbolExists.cxx.o] Error 1
make[1]: Leaving directory `/home/matejko/workspace/DEMO/robot_demo/cmake-build-debug/CMakeFiles/CMakeTmp'
make: *** [cmTC_23c3b/fast] Error 2

File /home/matejko/workspace/DEMO/robot_demo/cmake-build-debug/CMakeFiles/CMakeTmp/CheckSymbolExists.cxx:
/* */
#include <QtCore/qglobal.h>

int main(int argc, char** argv)
{
  (void)argv;
#ifndef Q_WS_MAC
  return ((int*)(&Q_WS_MAC))[argc];
#else
  (void)argc;
  return 0;
#endif
}

Determining if the pthread_create exist failed with the following output:
Change Dir: /home/matejko/workspace/DEMO/robot_demo/cmake-build-debug/CMakeFiles/CMakeTmp

Run Build Command:"/usr/bin/make" "cmTC_67cfc/fast"
/usr/bin/make -f CMakeFiles/cmTC_67cfc.dir/build.make CMakeFiles/cmTC_67cfc.dir/build
make[1]: Entering directory `/home/matejko/workspace/DEMO/robot_demo/cmake-build-debug/CMakeFiles/CMakeTmp'
Building C object CMakeFiles/cmTC_67cfc.dir/CheckSymbolExists.c.o
/usr/bin/cc     -o CMakeFiles/cmTC_67cfc.dir/CheckSymbolExists.c.o   -c /home/matejko/workspace/DEMO/robot_demo/cmake-build-debug/CMakeFiles/CMakeTmp/CheckSymbolExists.c
Linking C executable cmTC_67cfc
/opt/clion-2016.3/bin/cmake/bin/cmake -E cmake_link_script CMakeFiles/cmTC_67cfc.dir/link.txt --verbose=1
/usr/bin/cc       CMakeFiles/cmTC_67cfc.dir/CheckSymbolExists.c.o  -o cmTC_67cfc -rdynamic 
CMakeFiles/cmTC_67cfc.dir/CheckSymbolExists.c.o: In function `main':
CheckSymbolExists.c:(.text+0x16): undefined reference to `pthread_create'
collect2: error: ld returned 1 exit status
make[1]: *** [cmTC_67cfc] Error 1
make[1]: Leaving directory `/home/matejko/workspace/DEMO/robot_demo/cmake-build-debug/CMakeFiles/CMakeTmp'
make: *** [cmTC_67cfc/fast] Error 2

File /home/matejko/workspace/DEMO/robot_demo/cmake-build-debug/CMakeFiles/CMakeTmp/CheckSymbolExists.c:
/* */
#include <pthread.h>

int main(int argc, char** argv)
{
  (void)argv;
#ifndef pthread_create
  return ((int*)(&pthread_create))[argc];
#else
  (void)argc;
  return 0;
#endif
}

Determining if the function pthread_create exists in the pthreads failed with the following output:
Change Dir: /home/matejko/workspace/DEMO/robot_demo/cmake-build-debug/CMakeFiles/CMakeTmp

Run Build Command:"/usr/bin/make" "cmTC_eff37/fast"
/usr/bin/make -f CMakeFiles/cmTC_eff37.dir/build.make CMakeFiles/cmTC_eff37.dir/build
make[1]: Entering directory `/home/matejko/workspace/DEMO/robot_demo/cmake-build-debug/CMakeFiles/CMakeTmp'
Building C object CMakeFiles/cmTC_eff37.dir/CheckFunctionExists.c.o
/usr/bin/cc    -DCHECK_FUNCTION_EXISTS=pthread_create   -o CMakeFiles/cmTC_eff37.dir/CheckFunctionExists.c.o   -c /opt/clion-2016.3/bin/cmake/share/cmake-3.6/Modules/CheckFunctionExists.c
Linking C executable cmTC_eff37
/opt/clion-2016.3/bin/cmake/bin/cmake -E cmake_link_script CMakeFiles/cmTC_eff37.dir/link.txt --verbose=1
/usr/bin/cc   -DCHECK_FUNCTION_EXISTS=pthread_create    CMakeFiles/cmTC_eff37.dir/CheckFunctionExists.c.o  -o cmTC_eff37 -rdynamic -lpthreads 
/usr/bin/ld: cannot find -lpthreads
collect2: error: ld returned 1 exit status
make[1]: *** [cmTC_eff37] Error 1
make[1]: Leaving directory `/home/matejko/workspace/DEMO/robot_demo/cmake-build-debug/CMakeFiles/CMakeTmp'
make: *** [cmTC_eff37/fast] Error 2


